<?xml version="1.0" encoding="UTF-8" ?>
<testsuite tests="8" failures="8" name="TestSuite" time="6.041" errors="0" skipped="0">
  <properties>
    <property name="java.runtime.name" value="Java(TM) SE Runtime Environment"/>
    <property name="sun.boot.library.path" value="C:\Program Files\Java\jre1.8.0_271\bin"/>
    <property name="java.vm.version" value="25.271-b09"/>
    <property name="java.vm.vendor" value="Oracle Corporation"/>
    <property name="maven.multiModuleProjectDirectory" value="C:\Users\amanullah\Appium\AppiumHardcode"/>
    <property name="java.vendor.url" value="http://java.oracle.com/"/>
    <property name="path.separator" value=";"/>
    <property name="guice.disable.misplaced.annotation.check" value="true"/>
    <property name="java.vm.name" value="Java HotSpot(TM) 64-Bit Server VM"/>
    <property name="file.encoding.pkg" value="sun.io"/>
    <property name="user.script" value=""/>
    <property name="user.country" value="IN"/>
    <property name="sun.java.launcher" value="SUN_STANDARD"/>
    <property name="sun.os.patch.level" value=""/>
    <property name="java.vm.specification.name" value="Java Virtual Machine Specification"/>
    <property name="user.dir" value="C:\Users\amanullah\Appium\AppiumHardcode"/>
    <property name="java.runtime.version" value="1.8.0_271-b09"/>
    <property name="java.awt.graphicsenv" value="sun.awt.Win32GraphicsEnvironment"/>
    <property name="java.endorsed.dirs" value="C:\Program Files\Java\jre1.8.0_271\lib\endorsed"/>
    <property name="os.arch" value="amd64"/>
    <property name="java.io.tmpdir" value="C:\Users\AMANUL~1\AppData\Local\Temp\"/>
    <property name="line.separator" value="
"/>
    <property name="java.vm.specification.vendor" value="Oracle Corporation"/>
    <property name="user.variant" value=""/>
    <property name="os.name" value="Windows 10"/>
    <property name="classworlds.conf" value="C:\Users\amanullah\Appium\.metadata\.plugins\org.eclipse.m2e.launching\launches\m2conf5629731565999746689.tmp"/>
    <property name="sun.jnu.encoding" value="Cp1252"/>
    <property name="java.library.path" value="C:\Program Files\Java\jre1.8.0_271\bin;C:\WINDOWS\Sun\Java\bin;C:\WINDOWS\system32;C:\WINDOWS;C:/Program Files/Java/jdk1.8.0_271/bin/../jre/bin/server;C:/Program Files/Java/jdk1.8.0_271/bin/../jre/bin;C:/Program Files/Java/jdk1.8.0_271/bin/../jre/lib/amd64;C:\Windows\system32;C:\Windows;C:\Windows\System32\Wbem;C:\Windows\System32\WindowsPowerShell\v1.0\;C:\Program Files (x86)\NVIDIA Corporation\PhysX\Common;C:\WINDOWS\system32;C:\WINDOWS;C:\WINDOWS\System32\Wbem;C:\WINDOWS\System32\OpenSSH\;C:\Program Files\nodejs\;C:\Program Files (x86)\mingw-w64\i686-8.1.0-posix-dwarf-rt_v6-rev0\mingw32\bin;C:\Program Files\Java\jdk1.8.0_271\bin;C:\Program Files\MySQL\MySQL Server 8.0\bin;C:\Program Files\Java\jre1.8.0_271\bin;C:\Program Files\Apache Software Foundation\Tomcat 8.0\lib;C:\Program Files\Git\cmd;C:\Users\amanullah\AppData\Local\Android\Sdk;C:\Users\amanullah\AppData\Local\Android\Sdk\platform-tools;C:\Users\amanullah\Downloads\apache-maven-3.8.4-bin;C:\Program Files\MySQL\MySQL Shell 8.0\bin\;C:\Users\amanullah\AppData\Local\Microsoft\WindowsApps;C:\Users\amanullah\AppData\Roaming\npm;C:\Users\amanullah\AppData\Local\Programs\Microsoft VS Code\bin;C:\Users\amanullah\B;C:\Users\amanullah\C;;C:\Users\amanullah\jee-2020-062\eclipse;;."/>
    <property name="java.specification.name" value="Java Platform API Specification"/>
    <property name="java.class.version" value="52.0"/>
    <property name="sun.management.compiler" value="HotSpot 64-Bit Tiered Compilers"/>
    <property name="os.version" value="10.0"/>
    <property name="user.home" value="C:\Users\amanullah"/>
    <property name="user.timezone" value="Asia/Calcutta"/>
    <property name="java.awt.printerjob" value="sun.awt.windows.WPrinterJob"/>
    <property name="java.specification.version" value="1.8"/>
    <property name="file.encoding" value="Cp1252"/>
    <property name="user.name" value="amanullah"/>
    <property name="java.class.path" value="C:\Users\amanullah\.p2\pool\plugins\org.eclipse.m2e.maven.runtime_1.16.0.20200610-1735\jars\plexus-classworlds-2.6.0.jar"/>
    <property name="java.vm.specification.version" value="1.8"/>
    <property name="sun.arch.data.model" value="64"/>
    <property name="java.home" value="C:\Program Files\Java\jre1.8.0_271"/>
    <property name="sun.java.command" value="org.codehaus.plexus.classworlds.launcher.Launcher -B install"/>
    <property name="java.specification.vendor" value="Oracle Corporation"/>
    <property name="user.language" value="en"/>
    <property name="awt.toolkit" value="sun.awt.windows.WToolkit"/>
    <property name="java.vm.info" value="mixed mode"/>
    <property name="java.version" value="1.8.0_271"/>
    <property name="java.ext.dirs" value="C:\Program Files\Java\jre1.8.0_271\lib\ext;C:\WINDOWS\Sun\Java\lib\ext"/>
    <property name="sun.boot.class.path" value="C:\Program Files\Java\jre1.8.0_271\lib\resources.jar;C:\Program Files\Java\jre1.8.0_271\lib\rt.jar;C:\Program Files\Java\jre1.8.0_271\lib\sunrsasign.jar;C:\Program Files\Java\jre1.8.0_271\lib\jsse.jar;C:\Program Files\Java\jre1.8.0_271\lib\jce.jar;C:\Program Files\Java\jre1.8.0_271\lib\charsets.jar;C:\Program Files\Java\jre1.8.0_271\lib\jfr.jar;C:\Program Files\Java\jre1.8.0_271\classes"/>
    <property name="java.vendor" value="Oracle Corporation"/>
    <property name="maven.home" value="C:\Users\amanullah\Appium\AppiumHardcode\EMBEDDED"/>
    <property name="file.separator" value="\"/>
    <property name="java.vendor.url.bug" value="http://bugreport.sun.com/bugreport/"/>
    <property name="sun.cpu.endian" value="little"/>
    <property name="sun.io.unicode.encoding" value="UnicodeLittle"/>
    <property name="sun.desktop" value="windows"/>
    <property name="sun.cpu.isalist" value="amd64"/>
  </properties>
  <testcase classname="tests.LoginTest" name="loginBlank" time="0.125">
    <failure message="A session is either terminated or not started
Build info: version: &apos;3.141.59&apos;, revision: &apos;e82be7d358&apos;, time: &apos;2018-11-14T08:17:03&apos;
System info: host: &apos;LAPTOP-ORJGQJLL&apos;, ip: &apos;192.168.1.3&apos;, os.name: &apos;Windows 10&apos;, os.arch: &apos;amd64&apos;, os.version: &apos;10.0&apos;, java.version: &apos;1.8.0_271&apos;
Driver info: io.appium.java_client.AppiumDriver
Capabilities {Device Name: M2003J15SC, appActivity: com.avercast.fanbuku_app.ac..., appPackage: com.avercast.fanbuku_app, databaseEnabled: false, desired: {Device Name: M2003J15SC, appActivity: com.avercast.fanbuku_app.ac..., appPackage: com.avercast.fanbuku_app, platformName: android, platformVersion: 11, udid: 205a78720409}, deviceApiLevel: 30, deviceManufacturer: Xiaomi, deviceModel: M2003J15SC, deviceName: 205a78720409, deviceScreenDensity: 440, deviceScreenSize: 1080x2340, deviceUDID: 205a78720409, javascriptEnabled: true, locationContextEnabled: false, networkConnectionEnabled: true, pixelRatio: 2.75, platform: LINUX, platformName: LINUX, platformVersion: 11, statBarHeight: 100, takesScreenshot: true, udid: 205a78720409, viewportRect: {height: 2010, left: 0, top: 100, width: 1080}, warnings: {}, webStorageEnabled: false}
Session ID: a9b67a59-101a-43b9-83be-6e463fb8f9b8
*** Element info: {Using=class name, value=android.widget.EditText}" type="org.openqa.selenium.NoSuchSessionException">org.openqa.selenium.NoSuchSessionException: A session is either terminated or not started
Build info: version: &apos;3.141.59&apos;, revision: &apos;e82be7d358&apos;, time: &apos;2018-11-14T08:17:03&apos;
System info: host: &apos;LAPTOP-ORJGQJLL&apos;, ip: &apos;192.168.1.3&apos;, os.name: &apos;Windows 10&apos;, os.arch: &apos;amd64&apos;, os.version: &apos;10.0&apos;, java.version: &apos;1.8.0_271&apos;
Driver info: io.appium.java_client.AppiumDriver
Capabilities {Device Name: M2003J15SC, appActivity: com.avercast.fanbuku_app.ac..., appPackage: com.avercast.fanbuku_app, databaseEnabled: false, desired: {Device Name: M2003J15SC, appActivity: com.avercast.fanbuku_app.ac..., appPackage: com.avercast.fanbuku_app, platformName: android, platformVersion: 11, udid: 205a78720409}, deviceApiLevel: 30, deviceManufacturer: Xiaomi, deviceModel: M2003J15SC, deviceName: 205a78720409, deviceScreenDensity: 440, deviceScreenSize: 1080x2340, deviceUDID: 205a78720409, javascriptEnabled: true, locationContextEnabled: false, networkConnectionEnabled: true, pixelRatio: 2.75, platform: LINUX, platformName: LINUX, platformVersion: 11, statBarHeight: 100, takesScreenshot: true, udid: 205a78720409, viewportRect: {height: 2010, left: 0, top: 100, width: 1080}, warnings: {}, webStorageEnabled: false}
Session ID: a9b67a59-101a-43b9-83be-6e463fb8f9b8
*** Element info: {Using=class name, value=android.widget.EditText}
	at sun.reflect.NativeConstructorAccessorImpl.newInstance0(Native Method)
	at sun.reflect.NativeConstructorAccessorImpl.newInstance(Unknown Source)
	at sun.reflect.DelegatingConstructorAccessorImpl.newInstance(Unknown Source)
	at java.lang.reflect.Constructor.newInstance(Unknown Source)
	at org.openqa.selenium.remote.http.W3CHttpResponseCodec.createException(W3CHttpResponseCodec.java:187)
	at org.openqa.selenium.remote.http.W3CHttpResponseCodec.decode(W3CHttpResponseCodec.java:122)
	at org.openqa.selenium.remote.http.W3CHttpResponseCodec.decode(W3CHttpResponseCodec.java:49)
	at org.openqa.selenium.remote.HttpCommandExecutor.execute(HttpCommandExecutor.java:158)
	at io.appium.java_client.remote.AppiumCommandExecutor.execute(AppiumCommandExecutor.java:239)
	at org.openqa.selenium.remote.RemoteWebDriver.execute(RemoteWebDriver.java:552)
	at io.appium.java_client.DefaultGenericMobileDriver.execute(DefaultGenericMobileDriver.java:42)
	at io.appium.java_client.AppiumDriver.execute(AppiumDriver.java:1)
	at org.openqa.selenium.remote.RemoteWebDriver.findElement(RemoteWebDriver.java:323)
	at io.appium.java_client.DefaultGenericMobileDriver.findElement(DefaultGenericMobileDriver.java:62)
	at io.appium.java_client.AppiumDriver.findElement(AppiumDriver.java:1)
	at org.openqa.selenium.remote.RemoteWebDriver.findElementByClassName(RemoteWebDriver.java:412)
	at io.appium.java_client.DefaultGenericMobileDriver.findElementByClassName(DefaultGenericMobileDriver.java:126)
	at io.appium.java_client.AppiumDriver.findElementByClassName(AppiumDriver.java:1)
	at org.openqa.selenium.By$ByClassName.findElement(By.java:389)
	at org.openqa.selenium.remote.RemoteWebDriver.findElement(RemoteWebDriver.java:315)
	at io.appium.java_client.DefaultGenericMobileDriver.findElement(DefaultGenericMobileDriver.java:58)
	at io.appium.java_client.AppiumDriver.findElement(AppiumDriver.java:1)
	at tests.LoginTest.loginBlank(LoginTest.java:131)
</failure>
    <system-out>Configuring TestNG with: org.apache.maven.surefire.testng.conf.TestNG652Configurator@7006c658
[Configuration] [WARN] Detected a static method [tests.LoginTest.openFanbuku()]. Static configuration methods can cause  unexpected behavior.
[Configuration] [WARN] Detected a static method [tests.SignUpTest.openFanbuku()]. Static configuration methods can cause  unexpected behavior.
Application Started........
Application Started........
</system-out>
    <system-err>Dec 17, 2021 5:17:02 PM io.appium.java_client.remote.AppiumCommandExecutor$1 lambda$0
INFO: Detected dialect: W3C
Dec 17, 2021 5:17:20 PM io.appium.java_client.remote.AppiumCommandExecutor$1 lambda$0
INFO: Detected dialect: W3C
</system-err>
  </testcase>
  <testcase classname="tests.LoginTest" name="loginUserBlank" time="0.019">
    <failure message="A session is either terminated or not started
Build info: version: &apos;3.141.59&apos;, revision: &apos;e82be7d358&apos;, time: &apos;2018-11-14T08:17:03&apos;
System info: host: &apos;LAPTOP-ORJGQJLL&apos;, ip: &apos;192.168.1.3&apos;, os.name: &apos;Windows 10&apos;, os.arch: &apos;amd64&apos;, os.version: &apos;10.0&apos;, java.version: &apos;1.8.0_271&apos;
Driver info: io.appium.java_client.AppiumDriver
Capabilities {Device Name: M2003J15SC, appActivity: com.avercast.fanbuku_app.ac..., appPackage: com.avercast.fanbuku_app, databaseEnabled: false, desired: {Device Name: M2003J15SC, appActivity: com.avercast.fanbuku_app.ac..., appPackage: com.avercast.fanbuku_app, platformName: android, platformVersion: 11, udid: 205a78720409}, deviceApiLevel: 30, deviceManufacturer: Xiaomi, deviceModel: M2003J15SC, deviceName: 205a78720409, deviceScreenDensity: 440, deviceScreenSize: 1080x2340, deviceUDID: 205a78720409, javascriptEnabled: true, locationContextEnabled: false, networkConnectionEnabled: true, pixelRatio: 2.75, platform: LINUX, platformName: LINUX, platformVersion: 11, statBarHeight: 100, takesScreenshot: true, udid: 205a78720409, viewportRect: {height: 2010, left: 0, top: 100, width: 1080}, warnings: {}, webStorageEnabled: false}
Session ID: a9b67a59-101a-43b9-83be-6e463fb8f9b8
*** Element info: {Using=class name, value=android.widget.EditText}" type="org.openqa.selenium.NoSuchSessionException">org.openqa.selenium.NoSuchSessionException: A session is either terminated or not started
Build info: version: &apos;3.141.59&apos;, revision: &apos;e82be7d358&apos;, time: &apos;2018-11-14T08:17:03&apos;
System info: host: &apos;LAPTOP-ORJGQJLL&apos;, ip: &apos;192.168.1.3&apos;, os.name: &apos;Windows 10&apos;, os.arch: &apos;amd64&apos;, os.version: &apos;10.0&apos;, java.version: &apos;1.8.0_271&apos;
Driver info: io.appium.java_client.AppiumDriver
Capabilities {Device Name: M2003J15SC, appActivity: com.avercast.fanbuku_app.ac..., appPackage: com.avercast.fanbuku_app, databaseEnabled: false, desired: {Device Name: M2003J15SC, appActivity: com.avercast.fanbuku_app.ac..., appPackage: com.avercast.fanbuku_app, platformName: android, platformVersion: 11, udid: 205a78720409}, deviceApiLevel: 30, deviceManufacturer: Xiaomi, deviceModel: M2003J15SC, deviceName: 205a78720409, deviceScreenDensity: 440, deviceScreenSize: 1080x2340, deviceUDID: 205a78720409, javascriptEnabled: true, locationContextEnabled: false, networkConnectionEnabled: true, pixelRatio: 2.75, platform: LINUX, platformName: LINUX, platformVersion: 11, statBarHeight: 100, takesScreenshot: true, udid: 205a78720409, viewportRect: {height: 2010, left: 0, top: 100, width: 1080}, warnings: {}, webStorageEnabled: false}
Session ID: a9b67a59-101a-43b9-83be-6e463fb8f9b8
*** Element info: {Using=class name, value=android.widget.EditText}
	at sun.reflect.NativeConstructorAccessorImpl.newInstance0(Native Method)
	at sun.reflect.NativeConstructorAccessorImpl.newInstance(Unknown Source)
	at sun.reflect.DelegatingConstructorAccessorImpl.newInstance(Unknown Source)
	at java.lang.reflect.Constructor.newInstance(Unknown Source)
	at org.openqa.selenium.remote.http.W3CHttpResponseCodec.createException(W3CHttpResponseCodec.java:187)
	at org.openqa.selenium.remote.http.W3CHttpResponseCodec.decode(W3CHttpResponseCodec.java:122)
	at org.openqa.selenium.remote.http.W3CHttpResponseCodec.decode(W3CHttpResponseCodec.java:49)
	at org.openqa.selenium.remote.HttpCommandExecutor.execute(HttpCommandExecutor.java:158)
	at io.appium.java_client.remote.AppiumCommandExecutor.execute(AppiumCommandExecutor.java:239)
	at org.openqa.selenium.remote.RemoteWebDriver.execute(RemoteWebDriver.java:552)
	at io.appium.java_client.DefaultGenericMobileDriver.execute(DefaultGenericMobileDriver.java:42)
	at io.appium.java_client.AppiumDriver.execute(AppiumDriver.java:1)
	at org.openqa.selenium.remote.RemoteWebDriver.findElement(RemoteWebDriver.java:323)
	at io.appium.java_client.DefaultGenericMobileDriver.findElement(DefaultGenericMobileDriver.java:62)
	at io.appium.java_client.AppiumDriver.findElement(AppiumDriver.java:1)
	at org.openqa.selenium.remote.RemoteWebDriver.findElementByClassName(RemoteWebDriver.java:412)
	at io.appium.java_client.DefaultGenericMobileDriver.findElementByClassName(DefaultGenericMobileDriver.java:126)
	at io.appium.java_client.AppiumDriver.findElementByClassName(AppiumDriver.java:1)
	at org.openqa.selenium.By$ByClassName.findElement(By.java:389)
	at org.openqa.selenium.remote.RemoteWebDriver.findElement(RemoteWebDriver.java:315)
	at io.appium.java_client.DefaultGenericMobileDriver.findElement(DefaultGenericMobileDriver.java:58)
	at io.appium.java_client.AppiumDriver.findElement(AppiumDriver.java:1)
	at tests.LoginTest.loginUserBlank(LoginTest.java:119)
</failure>
  </testcase>
  <testcase classname="tests.LoginTest" name="loginPassBlank" time="0.032">
    <failure message="A session is either terminated or not started
Build info: version: &apos;3.141.59&apos;, revision: &apos;e82be7d358&apos;, time: &apos;2018-11-14T08:17:03&apos;
System info: host: &apos;LAPTOP-ORJGQJLL&apos;, ip: &apos;192.168.1.3&apos;, os.name: &apos;Windows 10&apos;, os.arch: &apos;amd64&apos;, os.version: &apos;10.0&apos;, java.version: &apos;1.8.0_271&apos;
Driver info: io.appium.java_client.AppiumDriver
Capabilities {Device Name: M2003J15SC, appActivity: com.avercast.fanbuku_app.ac..., appPackage: com.avercast.fanbuku_app, databaseEnabled: false, desired: {Device Name: M2003J15SC, appActivity: com.avercast.fanbuku_app.ac..., appPackage: com.avercast.fanbuku_app, platformName: android, platformVersion: 11, udid: 205a78720409}, deviceApiLevel: 30, deviceManufacturer: Xiaomi, deviceModel: M2003J15SC, deviceName: 205a78720409, deviceScreenDensity: 440, deviceScreenSize: 1080x2340, deviceUDID: 205a78720409, javascriptEnabled: true, locationContextEnabled: false, networkConnectionEnabled: true, pixelRatio: 2.75, platform: LINUX, platformName: LINUX, platformVersion: 11, statBarHeight: 100, takesScreenshot: true, udid: 205a78720409, viewportRect: {height: 2010, left: 0, top: 100, width: 1080}, warnings: {}, webStorageEnabled: false}
Session ID: a9b67a59-101a-43b9-83be-6e463fb8f9b8
*** Element info: {Using=class name, value=android.widget.EditText}" type="org.openqa.selenium.NoSuchSessionException">org.openqa.selenium.NoSuchSessionException: A session is either terminated or not started
Build info: version: &apos;3.141.59&apos;, revision: &apos;e82be7d358&apos;, time: &apos;2018-11-14T08:17:03&apos;
System info: host: &apos;LAPTOP-ORJGQJLL&apos;, ip: &apos;192.168.1.3&apos;, os.name: &apos;Windows 10&apos;, os.arch: &apos;amd64&apos;, os.version: &apos;10.0&apos;, java.version: &apos;1.8.0_271&apos;
Driver info: io.appium.java_client.AppiumDriver
Capabilities {Device Name: M2003J15SC, appActivity: com.avercast.fanbuku_app.ac..., appPackage: com.avercast.fanbuku_app, databaseEnabled: false, desired: {Device Name: M2003J15SC, appActivity: com.avercast.fanbuku_app.ac..., appPackage: com.avercast.fanbuku_app, platformName: android, platformVersion: 11, udid: 205a78720409}, deviceApiLevel: 30, deviceManufacturer: Xiaomi, deviceModel: M2003J15SC, deviceName: 205a78720409, deviceScreenDensity: 440, deviceScreenSize: 1080x2340, deviceUDID: 205a78720409, javascriptEnabled: true, locationContextEnabled: false, networkConnectionEnabled: true, pixelRatio: 2.75, platform: LINUX, platformName: LINUX, platformVersion: 11, statBarHeight: 100, takesScreenshot: true, udid: 205a78720409, viewportRect: {height: 2010, left: 0, top: 100, width: 1080}, warnings: {}, webStorageEnabled: false}
Session ID: a9b67a59-101a-43b9-83be-6e463fb8f9b8
*** Element info: {Using=class name, value=android.widget.EditText}
	at sun.reflect.NativeConstructorAccessorImpl.newInstance0(Native Method)
	at sun.reflect.NativeConstructorAccessorImpl.newInstance(Unknown Source)
	at sun.reflect.DelegatingConstructorAccessorImpl.newInstance(Unknown Source)
	at java.lang.reflect.Constructor.newInstance(Unknown Source)
	at org.openqa.selenium.remote.http.W3CHttpResponseCodec.createException(W3CHttpResponseCodec.java:187)
	at org.openqa.selenium.remote.http.W3CHttpResponseCodec.decode(W3CHttpResponseCodec.java:122)
	at org.openqa.selenium.remote.http.W3CHttpResponseCodec.decode(W3CHttpResponseCodec.java:49)
	at org.openqa.selenium.remote.HttpCommandExecutor.execute(HttpCommandExecutor.java:158)
	at io.appium.java_client.remote.AppiumCommandExecutor.execute(AppiumCommandExecutor.java:239)
	at org.openqa.selenium.remote.RemoteWebDriver.execute(RemoteWebDriver.java:552)
	at io.appium.java_client.DefaultGenericMobileDriver.execute(DefaultGenericMobileDriver.java:42)
	at io.appium.java_client.AppiumDriver.execute(AppiumDriver.java:1)
	at org.openqa.selenium.remote.RemoteWebDriver.findElement(RemoteWebDriver.java:323)
	at io.appium.java_client.DefaultGenericMobileDriver.findElement(DefaultGenericMobileDriver.java:62)
	at io.appium.java_client.AppiumDriver.findElement(AppiumDriver.java:1)
	at org.openqa.selenium.remote.RemoteWebDriver.findElementByClassName(RemoteWebDriver.java:412)
	at io.appium.java_client.DefaultGenericMobileDriver.findElementByClassName(DefaultGenericMobileDriver.java:126)
	at io.appium.java_client.AppiumDriver.findElementByClassName(AppiumDriver.java:1)
	at org.openqa.selenium.By$ByClassName.findElement(By.java:389)
	at org.openqa.selenium.remote.RemoteWebDriver.findElement(RemoteWebDriver.java:315)
	at io.appium.java_client.DefaultGenericMobileDriver.findElement(DefaultGenericMobileDriver.java:58)
	at io.appium.java_client.AppiumDriver.findElement(AppiumDriver.java:1)
	at tests.LoginTest.loginPassBlank(LoginTest.java:107)
</failure>
  </testcase>
  <testcase classname="tests.LoginTest" name="loginInvalid" time="0.035">
    <failure message="A session is either terminated or not started
Build info: version: &apos;3.141.59&apos;, revision: &apos;e82be7d358&apos;, time: &apos;2018-11-14T08:17:03&apos;
System info: host: &apos;LAPTOP-ORJGQJLL&apos;, ip: &apos;192.168.1.3&apos;, os.name: &apos;Windows 10&apos;, os.arch: &apos;amd64&apos;, os.version: &apos;10.0&apos;, java.version: &apos;1.8.0_271&apos;
Driver info: io.appium.java_client.AppiumDriver
Capabilities {Device Name: M2003J15SC, appActivity: com.avercast.fanbuku_app.ac..., appPackage: com.avercast.fanbuku_app, databaseEnabled: false, desired: {Device Name: M2003J15SC, appActivity: com.avercast.fanbuku_app.ac..., appPackage: com.avercast.fanbuku_app, platformName: android, platformVersion: 11, udid: 205a78720409}, deviceApiLevel: 30, deviceManufacturer: Xiaomi, deviceModel: M2003J15SC, deviceName: 205a78720409, deviceScreenDensity: 440, deviceScreenSize: 1080x2340, deviceUDID: 205a78720409, javascriptEnabled: true, locationContextEnabled: false, networkConnectionEnabled: true, pixelRatio: 2.75, platform: LINUX, platformName: LINUX, platformVersion: 11, statBarHeight: 100, takesScreenshot: true, udid: 205a78720409, viewportRect: {height: 2010, left: 0, top: 100, width: 1080}, warnings: {}, webStorageEnabled: false}
Session ID: a9b67a59-101a-43b9-83be-6e463fb8f9b8
*** Element info: {Using=class name, value=android.widget.EditText}" type="org.openqa.selenium.NoSuchSessionException">org.openqa.selenium.NoSuchSessionException: A session is either terminated or not started
Build info: version: &apos;3.141.59&apos;, revision: &apos;e82be7d358&apos;, time: &apos;2018-11-14T08:17:03&apos;
System info: host: &apos;LAPTOP-ORJGQJLL&apos;, ip: &apos;192.168.1.3&apos;, os.name: &apos;Windows 10&apos;, os.arch: &apos;amd64&apos;, os.version: &apos;10.0&apos;, java.version: &apos;1.8.0_271&apos;
Driver info: io.appium.java_client.AppiumDriver
Capabilities {Device Name: M2003J15SC, appActivity: com.avercast.fanbuku_app.ac..., appPackage: com.avercast.fanbuku_app, databaseEnabled: false, desired: {Device Name: M2003J15SC, appActivity: com.avercast.fanbuku_app.ac..., appPackage: com.avercast.fanbuku_app, platformName: android, platformVersion: 11, udid: 205a78720409}, deviceApiLevel: 30, deviceManufacturer: Xiaomi, deviceModel: M2003J15SC, deviceName: 205a78720409, deviceScreenDensity: 440, deviceScreenSize: 1080x2340, deviceUDID: 205a78720409, javascriptEnabled: true, locationContextEnabled: false, networkConnectionEnabled: true, pixelRatio: 2.75, platform: LINUX, platformName: LINUX, platformVersion: 11, statBarHeight: 100, takesScreenshot: true, udid: 205a78720409, viewportRect: {height: 2010, left: 0, top: 100, width: 1080}, warnings: {}, webStorageEnabled: false}
Session ID: a9b67a59-101a-43b9-83be-6e463fb8f9b8
*** Element info: {Using=class name, value=android.widget.EditText}
	at sun.reflect.NativeConstructorAccessorImpl.newInstance0(Native Method)
	at sun.reflect.NativeConstructorAccessorImpl.newInstance(Unknown Source)
	at sun.reflect.DelegatingConstructorAccessorImpl.newInstance(Unknown Source)
	at java.lang.reflect.Constructor.newInstance(Unknown Source)
	at org.openqa.selenium.remote.http.W3CHttpResponseCodec.createException(W3CHttpResponseCodec.java:187)
	at org.openqa.selenium.remote.http.W3CHttpResponseCodec.decode(W3CHttpResponseCodec.java:122)
	at org.openqa.selenium.remote.http.W3CHttpResponseCodec.decode(W3CHttpResponseCodec.java:49)
	at org.openqa.selenium.remote.HttpCommandExecutor.execute(HttpCommandExecutor.java:158)
	at io.appium.java_client.remote.AppiumCommandExecutor.execute(AppiumCommandExecutor.java:239)
	at org.openqa.selenium.remote.RemoteWebDriver.execute(RemoteWebDriver.java:552)
	at io.appium.java_client.DefaultGenericMobileDriver.execute(DefaultGenericMobileDriver.java:42)
	at io.appium.java_client.AppiumDriver.execute(AppiumDriver.java:1)
	at org.openqa.selenium.remote.RemoteWebDriver.findElement(RemoteWebDriver.java:323)
	at io.appium.java_client.DefaultGenericMobileDriver.findElement(DefaultGenericMobileDriver.java:62)
	at io.appium.java_client.AppiumDriver.findElement(AppiumDriver.java:1)
	at org.openqa.selenium.remote.RemoteWebDriver.findElementByClassName(RemoteWebDriver.java:412)
	at io.appium.java_client.DefaultGenericMobileDriver.findElementByClassName(DefaultGenericMobileDriver.java:126)
	at io.appium.java_client.AppiumDriver.findElementByClassName(AppiumDriver.java:1)
	at org.openqa.selenium.By$ByClassName.findElement(By.java:389)
	at org.openqa.selenium.remote.RemoteWebDriver.findElement(RemoteWebDriver.java:315)
	at io.appium.java_client.DefaultGenericMobileDriver.findElement(DefaultGenericMobileDriver.java:58)
	at io.appium.java_client.AppiumDriver.findElement(AppiumDriver.java:1)
	at tests.LoginTest.loginInvalid(LoginTest.java:95)
</failure>
  </testcase>
  <testcase classname="tests.LoginTest" name="loginInvalidPass" time="0.02">
    <failure message="A session is either terminated or not started
Build info: version: &apos;3.141.59&apos;, revision: &apos;e82be7d358&apos;, time: &apos;2018-11-14T08:17:03&apos;
System info: host: &apos;LAPTOP-ORJGQJLL&apos;, ip: &apos;192.168.1.3&apos;, os.name: &apos;Windows 10&apos;, os.arch: &apos;amd64&apos;, os.version: &apos;10.0&apos;, java.version: &apos;1.8.0_271&apos;
Driver info: io.appium.java_client.AppiumDriver
Capabilities {Device Name: M2003J15SC, appActivity: com.avercast.fanbuku_app.ac..., appPackage: com.avercast.fanbuku_app, databaseEnabled: false, desired: {Device Name: M2003J15SC, appActivity: com.avercast.fanbuku_app.ac..., appPackage: com.avercast.fanbuku_app, platformName: android, platformVersion: 11, udid: 205a78720409}, deviceApiLevel: 30, deviceManufacturer: Xiaomi, deviceModel: M2003J15SC, deviceName: 205a78720409, deviceScreenDensity: 440, deviceScreenSize: 1080x2340, deviceUDID: 205a78720409, javascriptEnabled: true, locationContextEnabled: false, networkConnectionEnabled: true, pixelRatio: 2.75, platform: LINUX, platformName: LINUX, platformVersion: 11, statBarHeight: 100, takesScreenshot: true, udid: 205a78720409, viewportRect: {height: 2010, left: 0, top: 100, width: 1080}, warnings: {}, webStorageEnabled: false}
Session ID: a9b67a59-101a-43b9-83be-6e463fb8f9b8
*** Element info: {Using=class name, value=android.widget.EditText}" type="org.openqa.selenium.NoSuchSessionException">org.openqa.selenium.NoSuchSessionException: A session is either terminated or not started
Build info: version: &apos;3.141.59&apos;, revision: &apos;e82be7d358&apos;, time: &apos;2018-11-14T08:17:03&apos;
System info: host: &apos;LAPTOP-ORJGQJLL&apos;, ip: &apos;192.168.1.3&apos;, os.name: &apos;Windows 10&apos;, os.arch: &apos;amd64&apos;, os.version: &apos;10.0&apos;, java.version: &apos;1.8.0_271&apos;
Driver info: io.appium.java_client.AppiumDriver
Capabilities {Device Name: M2003J15SC, appActivity: com.avercast.fanbuku_app.ac..., appPackage: com.avercast.fanbuku_app, databaseEnabled: false, desired: {Device Name: M2003J15SC, appActivity: com.avercast.fanbuku_app.ac..., appPackage: com.avercast.fanbuku_app, platformName: android, platformVersion: 11, udid: 205a78720409}, deviceApiLevel: 30, deviceManufacturer: Xiaomi, deviceModel: M2003J15SC, deviceName: 205a78720409, deviceScreenDensity: 440, deviceScreenSize: 1080x2340, deviceUDID: 205a78720409, javascriptEnabled: true, locationContextEnabled: false, networkConnectionEnabled: true, pixelRatio: 2.75, platform: LINUX, platformName: LINUX, platformVersion: 11, statBarHeight: 100, takesScreenshot: true, udid: 205a78720409, viewportRect: {height: 2010, left: 0, top: 100, width: 1080}, warnings: {}, webStorageEnabled: false}
Session ID: a9b67a59-101a-43b9-83be-6e463fb8f9b8
*** Element info: {Using=class name, value=android.widget.EditText}
	at sun.reflect.NativeConstructorAccessorImpl.newInstance0(Native Method)
	at sun.reflect.NativeConstructorAccessorImpl.newInstance(Unknown Source)
	at sun.reflect.DelegatingConstructorAccessorImpl.newInstance(Unknown Source)
	at java.lang.reflect.Constructor.newInstance(Unknown Source)
	at org.openqa.selenium.remote.http.W3CHttpResponseCodec.createException(W3CHttpResponseCodec.java:187)
	at org.openqa.selenium.remote.http.W3CHttpResponseCodec.decode(W3CHttpResponseCodec.java:122)
	at org.openqa.selenium.remote.http.W3CHttpResponseCodec.decode(W3CHttpResponseCodec.java:49)
	at org.openqa.selenium.remote.HttpCommandExecutor.execute(HttpCommandExecutor.java:158)
	at io.appium.java_client.remote.AppiumCommandExecutor.execute(AppiumCommandExecutor.java:239)
	at org.openqa.selenium.remote.RemoteWebDriver.execute(RemoteWebDriver.java:552)
	at io.appium.java_client.DefaultGenericMobileDriver.execute(DefaultGenericMobileDriver.java:42)
	at io.appium.java_client.AppiumDriver.execute(AppiumDriver.java:1)
	at org.openqa.selenium.remote.RemoteWebDriver.findElement(RemoteWebDriver.java:323)
	at io.appium.java_client.DefaultGenericMobileDriver.findElement(DefaultGenericMobileDriver.java:62)
	at io.appium.java_client.AppiumDriver.findElement(AppiumDriver.java:1)
	at org.openqa.selenium.remote.RemoteWebDriver.findElementByClassName(RemoteWebDriver.java:412)
	at io.appium.java_client.DefaultGenericMobileDriver.findElementByClassName(DefaultGenericMobileDriver.java:126)
	at io.appium.java_client.AppiumDriver.findElementByClassName(AppiumDriver.java:1)
	at org.openqa.selenium.By$ByClassName.findElement(By.java:389)
	at org.openqa.selenium.remote.RemoteWebDriver.findElement(RemoteWebDriver.java:315)
	at io.appium.java_client.DefaultGenericMobileDriver.findElement(DefaultGenericMobileDriver.java:58)
	at io.appium.java_client.AppiumDriver.findElement(AppiumDriver.java:1)
	at tests.LoginTest.loginInvalidPass(LoginTest.java:83)
</failure>
  </testcase>
  <testcase classname="tests.LoginTest" name="loginInvalidUser" time="0.018">
    <failure message="A session is either terminated or not started
Build info: version: &apos;3.141.59&apos;, revision: &apos;e82be7d358&apos;, time: &apos;2018-11-14T08:17:03&apos;
System info: host: &apos;LAPTOP-ORJGQJLL&apos;, ip: &apos;192.168.1.3&apos;, os.name: &apos;Windows 10&apos;, os.arch: &apos;amd64&apos;, os.version: &apos;10.0&apos;, java.version: &apos;1.8.0_271&apos;
Driver info: io.appium.java_client.AppiumDriver
Capabilities {Device Name: M2003J15SC, appActivity: com.avercast.fanbuku_app.ac..., appPackage: com.avercast.fanbuku_app, databaseEnabled: false, desired: {Device Name: M2003J15SC, appActivity: com.avercast.fanbuku_app.ac..., appPackage: com.avercast.fanbuku_app, platformName: android, platformVersion: 11, udid: 205a78720409}, deviceApiLevel: 30, deviceManufacturer: Xiaomi, deviceModel: M2003J15SC, deviceName: 205a78720409, deviceScreenDensity: 440, deviceScreenSize: 1080x2340, deviceUDID: 205a78720409, javascriptEnabled: true, locationContextEnabled: false, networkConnectionEnabled: true, pixelRatio: 2.75, platform: LINUX, platformName: LINUX, platformVersion: 11, statBarHeight: 100, takesScreenshot: true, udid: 205a78720409, viewportRect: {height: 2010, left: 0, top: 100, width: 1080}, warnings: {}, webStorageEnabled: false}
Session ID: a9b67a59-101a-43b9-83be-6e463fb8f9b8
*** Element info: {Using=class name, value=android.widget.EditText}" type="org.openqa.selenium.NoSuchSessionException">org.openqa.selenium.NoSuchSessionException: A session is either terminated or not started
Build info: version: &apos;3.141.59&apos;, revision: &apos;e82be7d358&apos;, time: &apos;2018-11-14T08:17:03&apos;
System info: host: &apos;LAPTOP-ORJGQJLL&apos;, ip: &apos;192.168.1.3&apos;, os.name: &apos;Windows 10&apos;, os.arch: &apos;amd64&apos;, os.version: &apos;10.0&apos;, java.version: &apos;1.8.0_271&apos;
Driver info: io.appium.java_client.AppiumDriver
Capabilities {Device Name: M2003J15SC, appActivity: com.avercast.fanbuku_app.ac..., appPackage: com.avercast.fanbuku_app, databaseEnabled: false, desired: {Device Name: M2003J15SC, appActivity: com.avercast.fanbuku_app.ac..., appPackage: com.avercast.fanbuku_app, platformName: android, platformVersion: 11, udid: 205a78720409}, deviceApiLevel: 30, deviceManufacturer: Xiaomi, deviceModel: M2003J15SC, deviceName: 205a78720409, deviceScreenDensity: 440, deviceScreenSize: 1080x2340, deviceUDID: 205a78720409, javascriptEnabled: true, locationContextEnabled: false, networkConnectionEnabled: true, pixelRatio: 2.75, platform: LINUX, platformName: LINUX, platformVersion: 11, statBarHeight: 100, takesScreenshot: true, udid: 205a78720409, viewportRect: {height: 2010, left: 0, top: 100, width: 1080}, warnings: {}, webStorageEnabled: false}
Session ID: a9b67a59-101a-43b9-83be-6e463fb8f9b8
*** Element info: {Using=class name, value=android.widget.EditText}
	at sun.reflect.NativeConstructorAccessorImpl.newInstance0(Native Method)
	at sun.reflect.NativeConstructorAccessorImpl.newInstance(Unknown Source)
	at sun.reflect.DelegatingConstructorAccessorImpl.newInstance(Unknown Source)
	at java.lang.reflect.Constructor.newInstance(Unknown Source)
	at org.openqa.selenium.remote.http.W3CHttpResponseCodec.createException(W3CHttpResponseCodec.java:187)
	at org.openqa.selenium.remote.http.W3CHttpResponseCodec.decode(W3CHttpResponseCodec.java:122)
	at org.openqa.selenium.remote.http.W3CHttpResponseCodec.decode(W3CHttpResponseCodec.java:49)
	at org.openqa.selenium.remote.HttpCommandExecutor.execute(HttpCommandExecutor.java:158)
	at io.appium.java_client.remote.AppiumCommandExecutor.execute(AppiumCommandExecutor.java:239)
	at org.openqa.selenium.remote.RemoteWebDriver.execute(RemoteWebDriver.java:552)
	at io.appium.java_client.DefaultGenericMobileDriver.execute(DefaultGenericMobileDriver.java:42)
	at io.appium.java_client.AppiumDriver.execute(AppiumDriver.java:1)
	at org.openqa.selenium.remote.RemoteWebDriver.findElement(RemoteWebDriver.java:323)
	at io.appium.java_client.DefaultGenericMobileDriver.findElement(DefaultGenericMobileDriver.java:62)
	at io.appium.java_client.AppiumDriver.findElement(AppiumDriver.java:1)
	at org.openqa.selenium.remote.RemoteWebDriver.findElementByClassName(RemoteWebDriver.java:412)
	at io.appium.java_client.DefaultGenericMobileDriver.findElementByClassName(DefaultGenericMobileDriver.java:126)
	at io.appium.java_client.AppiumDriver.findElementByClassName(AppiumDriver.java:1)
	at org.openqa.selenium.By$ByClassName.findElement(By.java:389)
	at org.openqa.selenium.remote.RemoteWebDriver.findElement(RemoteWebDriver.java:315)
	at io.appium.java_client.DefaultGenericMobileDriver.findElement(DefaultGenericMobileDriver.java:58)
	at io.appium.java_client.AppiumDriver.findElement(AppiumDriver.java:1)
	at tests.LoginTest.loginInvalidUser(LoginTest.java:70)
</failure>
  </testcase>
  <testcase classname="tests.LoginTest" name="login" time="0.024">
    <failure message="A session is either terminated or not started
Build info: version: &apos;3.141.59&apos;, revision: &apos;e82be7d358&apos;, time: &apos;2018-11-14T08:17:03&apos;
System info: host: &apos;LAPTOP-ORJGQJLL&apos;, ip: &apos;192.168.1.3&apos;, os.name: &apos;Windows 10&apos;, os.arch: &apos;amd64&apos;, os.version: &apos;10.0&apos;, java.version: &apos;1.8.0_271&apos;
Driver info: io.appium.java_client.AppiumDriver
Capabilities {Device Name: M2003J15SC, appActivity: com.avercast.fanbuku_app.ac..., appPackage: com.avercast.fanbuku_app, databaseEnabled: false, desired: {Device Name: M2003J15SC, appActivity: com.avercast.fanbuku_app.ac..., appPackage: com.avercast.fanbuku_app, platformName: android, platformVersion: 11, udid: 205a78720409}, deviceApiLevel: 30, deviceManufacturer: Xiaomi, deviceModel: M2003J15SC, deviceName: 205a78720409, deviceScreenDensity: 440, deviceScreenSize: 1080x2340, deviceUDID: 205a78720409, javascriptEnabled: true, locationContextEnabled: false, networkConnectionEnabled: true, pixelRatio: 2.75, platform: LINUX, platformName: LINUX, platformVersion: 11, statBarHeight: 100, takesScreenshot: true, udid: 205a78720409, viewportRect: {height: 2010, left: 0, top: 100, width: 1080}, warnings: {}, webStorageEnabled: false}
Session ID: a9b67a59-101a-43b9-83be-6e463fb8f9b8
*** Element info: {Using=class name, value=android.widget.EditText}" type="org.openqa.selenium.NoSuchSessionException">org.openqa.selenium.NoSuchSessionException: A session is either terminated or not started
Build info: version: &apos;3.141.59&apos;, revision: &apos;e82be7d358&apos;, time: &apos;2018-11-14T08:17:03&apos;
System info: host: &apos;LAPTOP-ORJGQJLL&apos;, ip: &apos;192.168.1.3&apos;, os.name: &apos;Windows 10&apos;, os.arch: &apos;amd64&apos;, os.version: &apos;10.0&apos;, java.version: &apos;1.8.0_271&apos;
Driver info: io.appium.java_client.AppiumDriver
Capabilities {Device Name: M2003J15SC, appActivity: com.avercast.fanbuku_app.ac..., appPackage: com.avercast.fanbuku_app, databaseEnabled: false, desired: {Device Name: M2003J15SC, appActivity: com.avercast.fanbuku_app.ac..., appPackage: com.avercast.fanbuku_app, platformName: android, platformVersion: 11, udid: 205a78720409}, deviceApiLevel: 30, deviceManufacturer: Xiaomi, deviceModel: M2003J15SC, deviceName: 205a78720409, deviceScreenDensity: 440, deviceScreenSize: 1080x2340, deviceUDID: 205a78720409, javascriptEnabled: true, locationContextEnabled: false, networkConnectionEnabled: true, pixelRatio: 2.75, platform: LINUX, platformName: LINUX, platformVersion: 11, statBarHeight: 100, takesScreenshot: true, udid: 205a78720409, viewportRect: {height: 2010, left: 0, top: 100, width: 1080}, warnings: {}, webStorageEnabled: false}
Session ID: a9b67a59-101a-43b9-83be-6e463fb8f9b8
*** Element info: {Using=class name, value=android.widget.EditText}
	at sun.reflect.NativeConstructorAccessorImpl.newInstance0(Native Method)
	at sun.reflect.NativeConstructorAccessorImpl.newInstance(Unknown Source)
	at sun.reflect.DelegatingConstructorAccessorImpl.newInstance(Unknown Source)
	at java.lang.reflect.Constructor.newInstance(Unknown Source)
	at org.openqa.selenium.remote.http.W3CHttpResponseCodec.createException(W3CHttpResponseCodec.java:187)
	at org.openqa.selenium.remote.http.W3CHttpResponseCodec.decode(W3CHttpResponseCodec.java:122)
	at org.openqa.selenium.remote.http.W3CHttpResponseCodec.decode(W3CHttpResponseCodec.java:49)
	at org.openqa.selenium.remote.HttpCommandExecutor.execute(HttpCommandExecutor.java:158)
	at io.appium.java_client.remote.AppiumCommandExecutor.execute(AppiumCommandExecutor.java:239)
	at org.openqa.selenium.remote.RemoteWebDriver.execute(RemoteWebDriver.java:552)
	at io.appium.java_client.DefaultGenericMobileDriver.execute(DefaultGenericMobileDriver.java:42)
	at io.appium.java_client.AppiumDriver.execute(AppiumDriver.java:1)
	at org.openqa.selenium.remote.RemoteWebDriver.findElement(RemoteWebDriver.java:323)
	at io.appium.java_client.DefaultGenericMobileDriver.findElement(DefaultGenericMobileDriver.java:62)
	at io.appium.java_client.AppiumDriver.findElement(AppiumDriver.java:1)
	at org.openqa.selenium.remote.RemoteWebDriver.findElementByClassName(RemoteWebDriver.java:412)
	at io.appium.java_client.DefaultGenericMobileDriver.findElementByClassName(DefaultGenericMobileDriver.java:126)
	at io.appium.java_client.AppiumDriver.findElementByClassName(AppiumDriver.java:1)
	at org.openqa.selenium.By$ByClassName.findElement(By.java:389)
	at org.openqa.selenium.remote.RemoteWebDriver.findElement(RemoteWebDriver.java:315)
	at io.appium.java_client.DefaultGenericMobileDriver.findElement(DefaultGenericMobileDriver.java:58)
	at io.appium.java_client.AppiumDriver.findElement(AppiumDriver.java:1)
	at tests.LoginTest.login(LoginTest.java:46)
</failure>
  </testcase>
  <testcase classname="tests.SignUpTest" name="signUp" time="5.768">
    <failure message="An element could not be located on the page using the given search parameters.
For documentation on this error, please visit: https://www.seleniumhq.org/exceptions/no_such_element.html
Build info: version: &apos;3.141.59&apos;, revision: &apos;e82be7d358&apos;, time: &apos;2018-11-14T08:17:03&apos;
System info: host: &apos;LAPTOP-ORJGQJLL&apos;, ip: &apos;192.168.1.3&apos;, os.name: &apos;Windows 10&apos;, os.arch: &apos;amd64&apos;, os.version: &apos;10.0&apos;, java.version: &apos;1.8.0_271&apos;
Driver info: io.appium.java_client.AppiumDriver
Capabilities {Device Name: M2003J15SC, appActivity: com.avercast.fanbuku_app.ac..., appPackage: com.avercast.fanbuku_app, databaseEnabled: false, desired: {Device Name: M2003J15SC, appActivity: com.avercast.fanbuku_app.ac..., appPackage: com.avercast.fanbuku_app, platformName: android, platformVersion: 11, udid: 205a78720409}, deviceApiLevel: 30, deviceManufacturer: Xiaomi, deviceModel: M2003J15SC, deviceName: 205a78720409, deviceScreenDensity: 440, deviceScreenSize: 1080x2340, deviceUDID: 205a78720409, javascriptEnabled: true, locationContextEnabled: false, networkConnectionEnabled: true, pixelRatio: 2.75, platform: LINUX, platformName: LINUX, platformVersion: 11, statBarHeight: 100, takesScreenshot: true, udid: 205a78720409, viewportRect: {height: 2010, left: 0, top: 100, width: 1080}, warnings: {}, webStorageEnabled: false}
Session ID: 6344d4db-05d0-4b8c-bd67-cb396908522e
*** Element info: {Using=xpath, value=//android.widget.EditText[@index=&apos;1&apos;]}" type="org.openqa.selenium.NoSuchElementException">org.openqa.selenium.NoSuchElementException: An element could not be located on the page using the given search parameters.
For documentation on this error, please visit: https://www.seleniumhq.org/exceptions/no_such_element.html
Build info: version: &apos;3.141.59&apos;, revision: &apos;e82be7d358&apos;, time: &apos;2018-11-14T08:17:03&apos;
System info: host: &apos;LAPTOP-ORJGQJLL&apos;, ip: &apos;192.168.1.3&apos;, os.name: &apos;Windows 10&apos;, os.arch: &apos;amd64&apos;, os.version: &apos;10.0&apos;, java.version: &apos;1.8.0_271&apos;
Driver info: io.appium.java_client.AppiumDriver
Capabilities {Device Name: M2003J15SC, appActivity: com.avercast.fanbuku_app.ac..., appPackage: com.avercast.fanbuku_app, databaseEnabled: false, desired: {Device Name: M2003J15SC, appActivity: com.avercast.fanbuku_app.ac..., appPackage: com.avercast.fanbuku_app, platformName: android, platformVersion: 11, udid: 205a78720409}, deviceApiLevel: 30, deviceManufacturer: Xiaomi, deviceModel: M2003J15SC, deviceName: 205a78720409, deviceScreenDensity: 440, deviceScreenSize: 1080x2340, deviceUDID: 205a78720409, javascriptEnabled: true, locationContextEnabled: false, networkConnectionEnabled: true, pixelRatio: 2.75, platform: LINUX, platformName: LINUX, platformVersion: 11, statBarHeight: 100, takesScreenshot: true, udid: 205a78720409, viewportRect: {height: 2010, left: 0, top: 100, width: 1080}, warnings: {}, webStorageEnabled: false}
Session ID: 6344d4db-05d0-4b8c-bd67-cb396908522e
*** Element info: {Using=xpath, value=//android.widget.EditText[@index=&apos;1&apos;]}
	at sun.reflect.NativeConstructorAccessorImpl.newInstance0(Native Method)
	at sun.reflect.NativeConstructorAccessorImpl.newInstance(Unknown Source)
	at sun.reflect.DelegatingConstructorAccessorImpl.newInstance(Unknown Source)
	at java.lang.reflect.Constructor.newInstance(Unknown Source)
	at org.openqa.selenium.remote.http.W3CHttpResponseCodec.createException(W3CHttpResponseCodec.java:187)
	at org.openqa.selenium.remote.http.W3CHttpResponseCodec.decode(W3CHttpResponseCodec.java:122)
	at org.openqa.selenium.remote.http.W3CHttpResponseCodec.decode(W3CHttpResponseCodec.java:49)
	at org.openqa.selenium.remote.HttpCommandExecutor.execute(HttpCommandExecutor.java:158)
	at io.appium.java_client.remote.AppiumCommandExecutor.execute(AppiumCommandExecutor.java:239)
	at org.openqa.selenium.remote.RemoteWebDriver.execute(RemoteWebDriver.java:552)
	at io.appium.java_client.DefaultGenericMobileDriver.execute(DefaultGenericMobileDriver.java:42)
	at io.appium.java_client.AppiumDriver.execute(AppiumDriver.java:1)
	at org.openqa.selenium.remote.RemoteWebDriver.findElement(RemoteWebDriver.java:323)
	at io.appium.java_client.DefaultGenericMobileDriver.findElement(DefaultGenericMobileDriver.java:62)
	at io.appium.java_client.AppiumDriver.findElement(AppiumDriver.java:1)
	at org.openqa.selenium.remote.RemoteWebDriver.findElementByXPath(RemoteWebDriver.java:428)
	at io.appium.java_client.DefaultGenericMobileDriver.findElementByXPath(DefaultGenericMobileDriver.java:152)
	at io.appium.java_client.AppiumDriver.findElementByXPath(AppiumDriver.java:1)
	at org.openqa.selenium.By$ByXPath.findElement(By.java:353)
	at org.openqa.selenium.remote.RemoteWebDriver.findElement(RemoteWebDriver.java:315)
	at io.appium.java_client.DefaultGenericMobileDriver.findElement(DefaultGenericMobileDriver.java:58)
	at io.appium.java_client.AppiumDriver.findElement(AppiumDriver.java:1)
	at tests.SignUpTest.signUp(SignUpTest.java:51)
</failure>
  </testcase>
</testsuite>