<?xml version="1.0" encoding="UTF-8"?>
<!-- Generated by org.testng.reporters.JUnitReportReporter -->
<testsuite skipped="0" hostname="LAPTOP-ORJGQJLL" name="tests.LoginTest" tests="1" failures="0" timestamp="2021-12-17T18:48:15 IST" time="13.164" errors="0">
  <testcase name="login" time="13.164" classname="tests.LoginTest"/>
  <system-out/>
</testsuite> <!-- tests.LoginTest -->
